# JRE version: OpenJDK Runtime Environment (8.0_152-b01) (build 1.8.0_152-release-1248-b01)
# Java VM: OpenJDK 64-Bit Server VM (25.152-b01 mixed mode windows-amd64 compressed oops)
Heap:
 PSYoungGen      total 392192K, used 50674K [0x00000000e0000000, 0x00000000fd700000, 0x0000000100000000)
  eden space 367104K, 12% used [0x00000000e0000000,0x00000000e2c45480,0x00000000f6680000)
  from space 25088K, 21% used [0x00000000f6680000,0x00000000f6bb75c0,0x00000000f7f00000)
  to   space 24064K, 0% used [0x00000000fbf80000,0x00000000fbf80000,0x00000000fd700000)
 ParOldGen       total 78336K, used 45049K [0x00000000a0000000, 0x00000000a4c80000, 0x00000000e0000000)
  object space 78336K, 57% used [0x00000000a0000000,0x00000000a2bfe468,0x00000000a4c80000)
 Metaspace       used 110057K, capacity 115206K, committed 115456K, reserved 1148928K
  class space    used 13998K, capacity 14996K, committed 15104K, reserved 1048576K
GC Heap History (10 events):
Event: 5938.503 GC heap before
{Heap before GC invocations=33 (full 4):
 PSYoungGen      total 263168K, used 262864K [0x00000000e0000000, 0x00000000f2300000, 0x0000000100000000)
  eden space 239104K, 100% used [0x00000000e0000000,0x00000000ee980000,0x00000000ee980000)
  from space 24064K, 98% used [0x00000000f0500000,0x00000000f1c341d0,0x00000000f1c80000)
  to   space 28160K, 0% used [0x00000000ee980000,0x00000000ee980000,0x00000000f0500000)
 ParOldGen       total 78336K, used 40413K [0x00000000a0000000, 0x00000000a4c80000, 0x00000000e0000000)
  object space 78336K, 51% used [0x00000000a0000000,0x00000000a2777588,0x00000000a4c80000)
 Metaspace       used 105750K, capacity 109744K, committed 109824K, reserved 1144832K
  class space    used 13450K, capacity 14271K, committed 14336K, reserved 1048576K
Event: 5938.559 GC heap after
Heap after GC invocations=33 (full 4):
 PSYoungGen      total 267264K, used 4024K [0x00000000e0000000, 0x00000000f5880000, 0x0000000100000000)
  eden space 239104K, 0% used [0x00000000e0000000,0x00000000e0000000,0x00000000ee980000)
  from space 28160K, 14% used [0x00000000ee980000,0x00000000eed6e398,0x00000000f0500000)
  to   space 27648K, 0% used [0x00000000f3d80000,0x00000000f3d80000,0x00000000f5880000)
 ParOldGen       total 78336K, used 40957K [0x00000000a0000000, 0x00000000a4c80000, 0x00000000e0000000)
  object space 78336K, 52% used [0x00000000a0000000,0x00000000a27ff5c8,0x00000000a4c80000)
 Metaspace       used 105750K, capacity 109744K, committed 109824K, reserved 1144832K
  class space    used 13450K, capacity 14271K, committed 14336K, reserved 1048576K
}
Event: 5939.702 GC heap before
{Heap before GC invocations=34 (full 4):
 PSYoungGen      total 267264K, used 242291K [0x00000000e0000000, 0x00000000f5880000, 0x0000000100000000)
  eden space 239104K, 99% used [0x00000000e0000000,0x00000000ee8ae930,0x00000000ee980000)
  from space 28160K, 14% used [0x00000000ee980000,0x00000000eed6e398,0x00000000f0500000)
  to   space 27648K, 0% used [0x00000000f3d80000,0x00000000f3d80000,0x00000000f5880000)
 ParOldGen       total 78336K, used 40957K [0x00000000a0000000, 0x00000000a4c80000, 0x00000000e0000000)
  object space 78336K, 52% used [0x00000000a0000000,0x00000000a27ff5c8,0x00000000a4c80000)
 Metaspace       used 105798K, capacity 109894K, committed 110080K, reserved 1144832K
  class space    used 13450K, capacity 14272K, committed 14336K, reserved 1048576K
Event: 5939.792 GC heap after
Heap after GC invocations=34 (full 4):
 PSYoungGen      total 325632K, used 1352K [0x00000000e0000000, 0x00000000f5a80000, 0x0000000100000000)
  eden space 297984K, 0% used [0x00000000e0000000,0x00000000e0000000,0x00000000f2300000)
  from space 27648K, 4% used [0x00000000f3d80000,0x00000000f3ed2220,0x00000000f5880000)
  to   space 27136K, 0% used [0x00000000f2300000,0x00000000f2300000,0x00000000f3d80000)
 ParOldGen       total 78336K, used 41997K [0x00000000a0000000, 0x00000000a4c80000, 0x00000000e0000000)
  object space 78336K, 53% used [0x00000000a0000000,0x00000000a2903718,0x00000000a4c80000)
 Metaspace       used 105798K, capacity 109894K, committed 110080K, reserved 1144832K
  class space    used 13450K, capacity 14272K, committed 14336K, reserved 1048576K
}
Event: 6924.570 GC heap before
{Heap before GC invocations=35 (full 4):
 PSYoungGen      total 325632K, used 299028K [0x00000000e0000000, 0x00000000f5a80000, 0x0000000100000000)
  eden space 297984K, 99% used [0x00000000e0000000,0x00000000f22b3068,0x00000000f2300000)
  from space 27648K, 4% used [0x00000000f3d80000,0x00000000f3ed2220,0x00000000f5880000)
  to   space 27136K, 0% used [0x00000000f2300000,0x00000000f2300000,0x00000000f3d80000)
 ParOldGen       total 78336K, used 41997K [0x00000000a0000000, 0x00000000a4c80000, 0x00000000e0000000)
  object space 78336K, 53% used [0x00000000a0000000,0x00000000a2903718,0x00000000a4c80000)
 Metaspace       used 107658K, capacity 112078K, committed 112128K, reserved 1146880K
  class space    used 13698K, capacity 14576K, committed 14592K, reserved 1048576K
Event: 6928.169 GC heap after
Heap after GC invocations=35 (full 4):
 PSYoungGen      total 325120K, used 10034K [0x00000000e0000000, 0x00000000f9c80000, 0x0000000100000000)
  eden space 297984K, 0% used [0x00000000e0000000,0x00000000e0000000,0x00000000f2300000)
  from space 27136K, 36% used [0x00000000f2300000,0x00000000f2cccb50,0x00000000f3d80000)
  to   space 25600K, 0% used [0x00000000f8380000,0x00000000f8380000,0x00000000f9c80000)
 ParOldGen       total 78336K, used 42061K [0x00000000a0000000, 0x00000000a4c80000, 0x00000000e0000000)
  object space 78336K, 53% used [0x00000000a0000000,0x00000000a2913728,0x00000000a4c80000)
 Metaspace       used 107658K, capacity 112078K, committed 112128K, reserved 1146880K
  class space    used 13698K, capacity 14576K, committed 14592K, reserved 1048576K
}
Event: 8010.311 GC heap before
{Heap before GC invocations=36 (full 4):
 PSYoungGen      total 325120K, used 308018K [0x00000000e0000000, 0x00000000f9c80000, 0x0000000100000000)
  eden space 297984K, 100% used [0x00000000e0000000,0x00000000f2300000,0x00000000f2300000)
  from space 27136K, 36% used [0x00000000f2300000,0x00000000f2cccb50,0x00000000f3d80000)
  to   space 25600K, 0% used [0x00000000f8380000,0x00000000f8380000,0x00000000f9c80000)
 ParOldGen       total 78336K, used 42061K [0x00000000a0000000, 0x00000000a4c80000, 0x00000000e0000000)
  object space 78336K, 53% used [0x00000000a0000000,0x00000000a2913728,0x00000000a4c80000)
 Metaspace       used 108727K, capacity 113412K, committed 113664K, reserved 1148928K
  class space    used 13824K, capacity 14761K, committed 14848K, reserved 1048576K
Event: 8011.678 GC heap after
Heap after GC invocations=36 (full 4):
 PSYoungGen      total 387584K, used 4672K [0x00000000e0000000, 0x00000000f9780000, 0x0000000100000000)
  eden space 367104K, 0% used [0x00000000e0000000,0x00000000e0000000,0x00000000f6680000)
  from space 20480K, 22% used [0x00000000f8380000,0x00000000f8810138,0x00000000f9780000)
  to   space 25088K, 0% used [0x00000000f6680000,0x00000000f6680000,0x00000000f7f00000)
 ParOldGen       total 78336K, used 44721K [0x00000000a0000000, 0x00000000a4c80000, 0x00000000e0000000)
  object space 78336K, 57% used [0x00000000a0000000,0x00000000a2bac468,0x00000000a4c80000)
 Metaspace       used 108727K, capacity 113412K, committed 113664K, reserved 1148928K
  class space    used 13824K, capacity 14761K, committed 14848K, reserved 1048576K
}
Event: 9813.659 GC heap before
{Heap before GC invocations=37 (full 4):
 PSYoungGen      total 387584K, used 371776K [0x00000000e0000000, 0x00000000f9780000, 0x0000000100000000)
  eden space 367104K, 100% used [0x00000000e0000000,0x00000000f6680000,0x00000000f6680000)
  from space 20480K, 22% used [0x00000000f8380000,0x00000000f8810138,0x00000000f9780000)
  to   space 25088K, 0% used [0x00000000f6680000,0x00000000f6680000,0x00000000f7f00000)
 ParOldGen       total 78336K, used 44721K [0x00000000a0000000, 0x00000000a4c80000, 0x00000000e0000000)
  object space 78336K, 57% used [0x00000000a0000000,0x00000000a2bac468,0x00000000a4c80000)
 Metaspace       used 109624K, capacity 114700K, committed 114816K, reserved 1148928K
  class space    used 13916K, capacity 14911K, committed 14976K, reserved 1048576K
Event: 9821.536 GC heap after
Heap after GC invocations=37 (full 4):
 PSYoungGen      total 392192K, used 5341K [0x00000000e0000000, 0x00000000fd700000, 0x0000000100000000)
  eden space 367104K, 0% used [0x00000000e0000000,0x00000000e0000000,0x00000000f6680000)
  from space 25088K, 21% used [0x00000000f6680000,0x00000000f6bb75c0,0x00000000f7f00000)
  to   space 24064K, 0% used [0x00000000fbf80000,0x00000000fbf80000,0x00000000fd700000)
 ParOldGen       total 78336K, used 45049K [0x00000000a0000000, 0x00000000a4c80000, 0x00000000e0000000)
  object space 78336K, 57% used [0x00000000a0000000,0x00000000a2bfe468,0x00000000a4c80000)
 Metaspace       used 109624K, capacity 114700K, committed 114816K, reserved 1148928K
  class space    used 13916K, capacity 14911K, committed 14976K, reserved 1048576K
}

